Arguments: 
  /Users/vng99a1/.nvm/versions/node/v14.18.1/bin/node /usr/local/bin/yarn install

PATH: 
  /Users/vng99a1/.nvm/versions/node/v14.18.1/bin:/usr/local/bin:/usr/bin:/bin:/usr/sbin:/sbin:/usr/local/munki:/Library/Apple/usr/bin

Yarn version: 
  1.22.17

Node version: 
  14.18.1

Platform: 
  darwin x64

Trace: 
  Error: https://nexus.releng.pearsondev.com/repository/npm-all/autoprefixer/-/autoprefixer-10.4.14.tgz: Request failed "401 Unauthorized"
      at ResponseError.ExtendableBuiltin (/usr/local/lib/node_modules/yarn/lib/cli.js:696:66)
      at new ResponseError (/usr/local/lib/node_modules/yarn/lib/cli.js:802:124)
      at Request.<anonymous> (/usr/local/lib/node_modules/yarn/lib/cli.js:67099:16)
      at Request.emit (events.js:400:28)
      at Request.module.exports.Request.onRequestResponse (/usr/local/lib/node_modules/yarn/lib/cli.js:141760:10)
      at ClientRequest.emit (events.js:400:28)
      at HTTPParser.parserOnIncomingClient (_http_client.js:647:27)
      at HTTPParser.parserOnHeadersComplete (_http_common.js:127:17)
      at HTTPParser.execute (<anonymous>)
      at TLSSocket.socketOnData (_http_client.js:515:22)

npm manifest: 
  {
    "name": "my-app",
    "version": "0.1.0",
    "private": true,
    "scripts": {
      "dev": "next dev",
      "build": "next build",
      "start": "next start",
      "lint": "next lint"
    },
    "dependencies": {
      "@types/node": "20.3.1",
      "@types/react": "18.2.12",
      "@types/react-dom": "18.2.5",
      "autoprefixer": "10.4.14",
      "eslint": "8.42.0",
      "eslint-config-next": "13.4.6",
      "next": "13.4.6",
      "postcss": "8.4.24",
      "react": "18.2.0",
      "react-dom": "18.2.0",
      "tailwindcss": "3.3.2",
      "typescript": "5.1.3"
    }
  }

yarn manifest: 
  No manifest

Lockfile: 
  No lockfile
